<?xml version="1.0" encoding="UTF-8"?>
<!-- Generated by org.testng.reporters.JUnitReportReporter -->
<testsuite name="com.acorns.TestAFVerRecurring" tests="1" time="32.613" ignored="0" failures="0" timestamp="16 Mar 2020 18:17:00 GMT" skipped="0" hostname="Igors-MacBook-Pro.local" errors="0">
  <testcase name="createVerRecUser" time="32.613" classname="com.acorns.TestAFVerRecurring"/>
</testsuite> <!-- com.acorns.TestAFVerRecurring -->
